  lesson 02 06 2025.cpp
C:\Program Files\Microsoft Visual Studio\2022\Community\VC\Tools\MSVC\14.41.34120\include\xutility(403,61): error C2665: "Node::Node": ни одна перегруженная функция не может преобразовать все типы аргументов
  (компиляция исходного файла "lesson%2002%2006%202025.cpp")
      C:\Users\106010109\source\repos\MatosyanA\MatosyanA\lesson 02 06 2025.cpp(25,1):
      может быть "Node::Node(Node &&)"
          C:\Program Files\Microsoft Visual Studio\2022\Community\VC\Tools\MSVC\14.41.34120\include\xutility(403,61):
          "Node::Node(Node &&)": невозможно преобразовать аргумент 1 из "int" в "Node &&"
              C:\Program Files\Microsoft Visual Studio\2022\Community\VC\Tools\MSVC\14.41.34120\include\xutility(403,82):
              Причина: невозможно преобразовать "int" в "Node"
      C:\Users\106010109\source\repos\MatosyanA\MatosyanA\lesson 02 06 2025.cpp(25,1):
      или       "Node::Node(const Node &)"
          C:\Program Files\Microsoft Visual Studio\2022\Community\VC\Tools\MSVC\14.41.34120\include\xutility(403,61):
          "Node::Node(const Node &)": невозможно преобразовать аргумент 1 из "int" в "const Node &"
              C:\Program Files\Microsoft Visual Studio\2022\Community\VC\Tools\MSVC\14.41.34120\include\xutility(403,82):
              Причина: невозможно преобразовать "int" в "const Node"
      C:\Program Files\Microsoft Visual Studio\2022\Community\VC\Tools\MSVC\14.41.34120\include\xutility(403,61):
      при попытке сопоставить список аргументов "(int)"
      C:\Program Files\Microsoft Visual Studio\2022\Community\VC\Tools\MSVC\14.41.34120\include\xutility(403,61):
      контекст создания экземпляра шаблона (сначала самый старый)
          C:\Users\106010109\source\repos\MatosyanA\MatosyanA\lesson 02 06 2025.cpp(35,35):
          выполняется компиляция ссылки на экземпляр шаблон функции "std::shared_ptr<Node> std::make_shared<Node,int&>(int &)"
          C:\Program Files\Microsoft Visual Studio\2022\Community\VC\Tools\MSVC\14.41.34120\include\memory(2906,46):
          выполняется компиляция ссылки на экземпляр шаблон функции "std::_Ref_count_obj2<Node>::_Ref_count_obj2<int&>(int &)"
          C:\Program Files\Microsoft Visual Studio\2022\Community\VC\Tools\MSVC\14.41.34120\include\memory(2095,18):
          выполняется компиляция ссылки на экземпляр шаблон функции "void std::_Construct_in_place<_Ty,int&>(_Ty &,int &) noexcept(false)"
          with
          [
              _Ty=Node
          ]
  
